<?xml version="1.0" encoding="UTF-8"?>
<!-- Generated by org.testng.reporters.JUnitReportReporter -->
<testsuite skipped="0" hostname="Ramya" name="com.qa.rest.tests.PostCallWithJavaObjects" tests="1" failures="0" timestamp="26 Nov 2018 16:10:22 GMT" time="4.800" errors="0">
  <testcase name="createCustomerTest" time="4.800" classname="com.qa.rest.tests.PostCallWithJavaObjects"/>
</testsuite> <!-- com.qa.rest.tests.PostCallWithJavaObjects -->
