<?xml version="1.0" encoding="UTF-8"?>
<!-- Generated by org.testng.reporters.JUnitReportReporter -->
<testsuite skipped="0" hostname="Ramya" name="com.qa.rest.tests.WeatherGetTests" tests="2" failures="0" timestamp="25 Nov 2018 14:39:15 GMT" time="4.540" errors="0">
  <testcase name="getWeatherDetailsWithCorrectCityNameTest" time="3.420" classname="com.qa.rest.tests.WeatherGetTests"/>
  <testcase name="getWeatherDetailsWithInCorrectCityNameTest" time="1.120" classname="com.qa.rest.tests.WeatherGetTests"/>
</testsuite> <!-- com.qa.rest.tests.WeatherGetTests -->
