<?xml version="1.0" encoding="UTF-8"?>
<!-- Generated by org.testng.reporters.JUnitReportReporter -->
<testsuite skipped="0" hostname="Ramya" name="com.qa.rest.tests.CreateCustomerPostCall" tests="1" failures="0" timestamp="26 Nov 2018 14:40:19 GMT" time="5.858" errors="0">
  <testcase name="createCustomerTest" time="5.858" classname="com.qa.rest.tests.CreateCustomerPostCall"/>
</testsuite> <!-- com.qa.rest.tests.CreateCustomerPostCall -->
